
 ⛅️ wrangler 4.76.0
───────────────────
[33m▲ [43;33m[[43;30mWARNING[43;33m][0m [1mNo compatibility_date was specified. Using today's date: 2026-03-24.[0m

  ❯❯ Add one to your Wrangler configuration file: compatibility_date = "2026-03-24", or
  ❯❯ Pass it in your terminal: wrangler pages dev [<DIRECTORY>] --compatibility-date=2026-03-24
  
  See [4mhttps://developers.cloudflare.com/workers/platform/compatibility-dates/[0m for more information.


Attaching additional modules:
┌─────────────────────────────────────────────────────────────────────┬──────┬─────────────┐
│ Name                                                                │ Type │ Size        │
├─────────────────────────────────────────────────────────────────────┼──────┼─────────────┤
│ __next-on-pages-dist__/cache/adaptor.js                             │ esm  │ 2.29 KiB    │
├─────────────────────────────────────────────────────────────────────┼──────┼─────────────┤
│ __next-on-pages-dist__/cache/cache-api.js                           │ esm  │ 0.43 KiB    │
├─────────────────────────────────────────────────────────────────────┼──────┼─────────────┤
│ __next-on-pages-dist__/cache/kv.js                                  │ esm  │ 0.35 KiB    │
├─────────────────────────────────────────────────────────────────────┼──────┼─────────────┤
│ __next-on-pages-dist__/functions/article/[id].func.js               │ esm  │ 1449.96 KiB │
├─────────────────────────────────────────────────────────────────────┼──────┼─────────────┤
│ __next-on-pages-dist__/functions/index.func.js                      │ esm  │ 1455.00 KiB │
├─────────────────────────────────────────────────────────────────────┼──────┼─────────────┤
│ __next-on-pages-dist__/manifest/9b8f431888b7cd71d106afaf17c451c5.js │ esm  │ 0.71 KiB    │
├─────────────────────────────────────────────────────────────────────┼──────┼─────────────┤
│ Total (6 modules)                                                   │      │ 2908.73 KiB │
└─────────────────────────────────────────────────────────────────────┴──────┴─────────────┘
[33m▲ [43;33m[[43;30mWARNING[43;33m][0m [1mThe package "node:buffer" wasn't found on the file system but is built into node.[0m

  Your Worker may throw errors at runtime unless you enable the "nodejs_compat" compatibility flag. Refer to [4mhttps://developers.cloudflare.com/workers/runtime-apis/nodejs/[0m for more details. Imported from:
   - _worker.js/index.js


[33m▲ [43;33m[[43;30mWARNING[43;33m][0m [1mThe package "node:async_hooks" wasn't found on the file system but is built into node.[0m

  Your Worker may throw errors at runtime unless you enable the "nodejs_compat" compatibility flag. Refer to [4mhttps://developers.cloudflare.com/workers/runtime-apis/nodejs/[0m for more details. Imported from:
   - _worker.js/index.js


✨ Compiled Worker successfully
✨ Parsed 1 valid header rule.
Using secrets defined in .env.local
Your Worker has access to the following bindings:
Binding                                                                             Resource                  Mode
env.CF_PAGES ("1")                                                                  Environment Variable      local
env.CF_PAGES_BRANCH ("main")                                                        Environment Variable      local
env.CF_PAGES_COMMIT_SHA ("6fd6baf3e47d0b67dd434a2ec203de649246d...")                Environment Variable      local
env.CF_PAGES_URL ("https://6fd6baf.app_hex_v1.pages.dev")                           Environment Variable      local
env.NEXT_PUBLIC_SUPABASE_URL ("(hidden)")                                           Environment Variable      local
env.NEXT_PUBLIC_SUPABASE_ANON_KEY ("(hidden)")                                      Environment Variable      local

[33m▲ [43;33m[[43;30mWARNING[43;33m][0m [1mThe package "node:buffer" wasn't found on the file system but is built into node.[0m

  Your Worker may throw errors at runtime unless you enable the "nodejs_compat" compatibility flag. Refer to [4mhttps://developers.cloudflare.com/workers/runtime-apis/nodejs/[0m for more details. Imported from:
   - .wrangler/tmp/pages-ZhaJ5g/bundledWorker-0.7451286477865524.mjs


[33m▲ [43;33m[[43;30mWARNING[43;33m][0m [1mThe package "node:async_hooks" wasn't found on the file system but is built into node.[0m

  Your Worker may throw errors at runtime unless you enable the "nodejs_compat" compatibility flag. Refer to [4mhttps://developers.cloudflare.com/workers/runtime-apis/nodejs/[0m for more details. Imported from:
   - .wrangler/tmp/pages-ZhaJ5g/bundledWorker-0.7451286477865524.mjs


⎔ Starting local server...
[wrangler:info] Ready on http://localhost:8788
[wrangler:info] GET / 503 Service Unavailable (8ms)
