
 ⛅️ wrangler 4.76.0
───────────────────
Attaching additional modules:
┌─────────────────────────────────────────────────────────────────────┬──────┬─────────────┐
│ Name                                                                │ Type │ Size        │
├─────────────────────────────────────────────────────────────────────┼──────┼─────────────┤
│ __next-on-pages-dist__/cache/adaptor.js                             │ esm  │ 2.29 KiB    │
├─────────────────────────────────────────────────────────────────────┼──────┼─────────────┤
│ __next-on-pages-dist__/cache/cache-api.js                           │ esm  │ 0.43 KiB    │
├─────────────────────────────────────────────────────────────────────┼──────┼─────────────┤
│ __next-on-pages-dist__/cache/kv.js                                  │ esm  │ 0.35 KiB    │
├─────────────────────────────────────────────────────────────────────┼──────┼─────────────┤
│ __next-on-pages-dist__/functions/article/[id].func.js               │ esm  │ 1449.96 KiB │
├─────────────────────────────────────────────────────────────────────┼──────┼─────────────┤
│ __next-on-pages-dist__/functions/index.func.js                      │ esm  │ 1455.00 KiB │
├─────────────────────────────────────────────────────────────────────┼──────┼─────────────┤
│ __next-on-pages-dist__/manifest/9b8f431888b7cd71d106afaf17c451c5.js │ esm  │ 0.71 KiB    │
├─────────────────────────────────────────────────────────────────────┼──────┼─────────────┤
│ Total (6 modules)                                                   │      │ 2908.73 KiB │
└─────────────────────────────────────────────────────────────────────┴──────┴─────────────┘
✨ Compiled Worker successfully
✨ Parsed 1 valid header rule.
Using secrets defined in .env.local
Your Worker has access to the following bindings:
Binding                                                                             Resource                  Mode
env.CF_PAGES ("1")                                                                  Environment Variable      local
env.CF_PAGES_BRANCH ("main")                                                        Environment Variable      local
env.CF_PAGES_COMMIT_SHA ("6fd6baf3e47d0b67dd434a2ec203de649246d...")                Environment Variable      local
env.CF_PAGES_URL ("https://6fd6baf.hex-phone-web-2026032...")                       Environment Variable      local
env.NEXT_PUBLIC_SUPABASE_URL ("(hidden)")                                           Environment Variable      local
env.NEXT_PUBLIC_SUPABASE_ANON_KEY ("(hidden)")                                      Environment Variable      local

⎔ Starting local server...
[wrangler:info] Ready on http://localhost:8788
[wrangler:info] GET / 200 OK (9ms)
